\BOOKMARK [0][-]{chapter.1}{\376\377\000I\000n\000t\000r\000o\000d\000u\000c\000t\000i\000o\000n}{}% 1
\BOOKMARK [1][-]{section.1.1}{\376\377\000I\000n\000t\000r\000o\000d\000u\000c\000t\000i\000o\000n}{chapter.1}% 2
\BOOKMARK [2][-]{subsection.1.1.1}{\376\377\000S\000e\000q\000u\000e\000n\000t\000i\000a\000l\000\040\000D\000e\000c\000i\000s\000i\000o\000n\000\040\000M\000a\000k\000i\000n\000g}{section.1.1}% 3
\BOOKMARK [2][-]{subsection.1.1.2}{\376\377\000E\000x\000p\000l\000o\000r\000a\000t\000i\000o\000n\000\040\000a\000n\000d\000\040\000E\000x\000p\000l\000o\000i\000t\000a\000t\000i\000o\000n}{section.1.1}% 4
\BOOKMARK [1][-]{section.1.2}{\376\377\000M\000a\000r\000k\000o\000v\000\040\000C\000h\000a\000i\000n}{chapter.1}% 5
\BOOKMARK [1][-]{section.1.3}{\376\377\000M\000u\000l\000t\000i\000-\000A\000r\000m\000e\000d\000\040\000B\000a\000n\000d\000i\000t\000s}{chapter.1}% 6
\BOOKMARK [2][-]{subsection.1.3.1}{\376\377\000A\000c\000t\000i\000o\000n\000-\000v\000a\000l\000u\000e\000\040\000M\000e\000t\000h\000o\000d\000s}{section.1.3}% 7
\BOOKMARK [2][-]{subsection.1.3.2}{\376\377\000I\000n\000c\000r\000e\000m\000e\000n\000t\000a\000l\000\040\000I\000m\000p\000l\000e\000m\000e\000n\000t\000a\000t\000i\000o\000n\000\040\000o\000f\000\040\000T\000h\000e\000\040\000A\000c\000t\000i\000o\000n\000-\000v\000a\000l\000u\000e\000\040\000M\000e\000t\000h\000o\000d\000s}{section.1.3}% 8
\BOOKMARK [0][-]{chapter.2}{\376\377\000M\000a\000r\000k\000o\000v\000\040\000D\000e\000c\000i\000s\000i\000o\000n\000\040\000P\000r\000o\000c\000e\000s\000s}{}% 9
\BOOKMARK [1][-]{section.2.1}{\376\377\000P\000o\000l\000i\000c\000i\000e\000s\000\040\000a\000n\000d\000\040\000V\000a\000l\000u\000e\000\040\000F\000u\000n\000c\000t\000i\000o\000n\000s}{chapter.2}% 10
\BOOKMARK [2][-]{subsection.2.1.1}{\376\377\000T\000h\000e\000\040\000S\000t\000a\000t\000e\000-\000V\000a\000l\000u\000e\000\040\000F\000u\000n\000c\000t\000i\000o\000n\000s}{section.2.1}% 11
\BOOKMARK [2][-]{subsection.2.1.2}{\376\377\000T\000h\000e\000\040\000A\000c\000t\000i\000o\000n\000-\000V\000a\000l\000u\000e\000\040\000F\000u\000n\000c\000t\000i\000o\000n}{section.2.1}% 12
\BOOKMARK [2][-]{subsection.2.1.3}{\376\377\000T\000h\000e\000\040\000A\000c\000t\000i\000o\000n\000-\000A\000d\000v\000a\000n\000t\000a\000g\000e\000\040\000F\000u\000n\000c\000t\000i\000o\000n}{section.2.1}% 13
\BOOKMARK [1][-]{section.2.2}{\376\377\000O\000p\000t\000i\000m\000a\000l\000i\000t\000y}{chapter.2}% 14
\BOOKMARK [0][-]{chapter.3}{\376\377\000D\000y\000n\000a\000m\000i\000c\000\040\000P\000r\000o\000g\000r\000a\000m\000m\000i\000n\000g}{}% 15
\BOOKMARK [1][-]{section.3.1}{\376\377\000P\000o\000l\000i\000c\000y\000\040\000E\000v\000a\000l\000u\000a\000t\000i\000o\000n}{chapter.3}% 16
\BOOKMARK [1][-]{section.3.2}{\376\377\000P\000o\000l\000i\000c\000y\000\040\000I\000m\000p\000r\000o\000v\000e\000m\000e\000n\000t}{chapter.3}% 17
\BOOKMARK [1][-]{section.3.3}{\376\377\000V\000a\000l\000u\000e\000\040\000I\000t\000e\000r\000a\000t\000i\000o\000n}{chapter.3}% 18
\BOOKMARK [0][-]{chapter.4}{\376\377\000M\000o\000n\000t\000e\000\040\000C\000a\000r\000l\000o\000\040\000M\000e\000t\000h\000o\000d\000s}{}% 19
\BOOKMARK [1][-]{section.4.1}{\376\377\000M\000o\000n\000t\000e\000\040\000C\000a\000r\000l\000o\000\040\000P\000r\000e\000d\000i\000c\000t\000i\000o\000n\000\040\000\050\000E\000v\000a\000l\000u\000a\000t\000i\000o\000n\000\051}{chapter.4}% 20
\BOOKMARK [2][-]{subsection.4.1.1}{\376\377\000F\000i\000r\000s\000t\000\040\000V\000i\000s\000i\000t\000\040\000v\000s\000.\000\040\000E\000v\000e\000r\000y\000\040\000V\000i\000s\000i\000t}{section.4.1}% 21
\BOOKMARK [1][-]{section.4.2}{\376\377\000M\000o\000n\000t\000e\000\040\000C\000a\000r\000l\000o\000\040\000C\000o\000n\000t\000r\000o\000l}{chapter.4}% 22
\BOOKMARK [1][-]{section.4.3}{\376\377\000O\000n\000-\000P\000o\000l\000i\000c\000y\000\040\000v\000s\000.\000\040\000O\000f\000f\000-\000P\000o\000l\000i\000c\000y}{chapter.4}% 23
\BOOKMARK [2][-]{subsection.4.3.1}{\376\377\000O\000n\000\040\000P\000o\000l\000i\000c\000y}{section.4.3}% 24
\BOOKMARK [2][-]{subsection.4.3.2}{\376\377\000O\000f\000f\000\040\000P\000o\000l\000i\000c\000y}{section.4.3}% 25
\BOOKMARK [1][-]{section.4.4}{\376\377\000T\000e\000m\000p\000o\000r\000a\000l\000-\000D\000i\000f\000f\000e\000r\000e\000n\000c\000e\000\040\000L\000e\000a\000r\000n\000i\000n\000i\000g}{chapter.4}% 26
\BOOKMARK [2][-]{subsection.4.4.1}{\376\377\000Q\000-\000l\000e\000a\000r\000n\000i\000n\000g\000:\000\040\000O\000f\000f\000-\000p\000o\000l\000i\000c\000y\000\040\000T\000D\000\040\000C\000o\000n\000t\000r\000o\000l}{section.4.4}% 27
\BOOKMARK [2][-]{subsection.4.4.2}{\376\377\000S\000a\000r\000s\000a\000:\000\040\000O\000n\000-\000p\000o\000l\000i\000c\000y\000\040\000T\000D\000\040\000C\000o\000n\000t\000r\000o\000l}{section.4.4}% 28
\BOOKMARK [2][-]{subsection.4.4.3}{\376\377\000D\000o\000u\000b\000l\000e\000\040\000Q\000-\000l\000e\000a\000r\000n\000i\000n\000g}{section.4.4}% 29
\BOOKMARK [0][-]{chapter.5}{\376\377\000D\000e\000e\000p\000\040\000R\000e\000i\000n\000f\000o\000r\000c\000e\000m\000e\000n\000t\000\040\000L\000e\000a\000r\000n\000i\000n\000g}{}% 30
\BOOKMARK [0][-]{chapter.6}{\376\377\000D\000e\000e\000p\000\040\000Q\000-\000N\000e\000t\000w\000o\000r\000k}{}% 31
\BOOKMARK [0][-]{chapter.7}{\376\377\000P\000o\000l\000i\000c\000y\000\040\000G\000r\000a\000d\000i\000e\000n\000t}{}% 32
\BOOKMARK [1][-]{subsection.7.0.1}{\376\377\000C\000a\000u\000s\000a\000l\000i\000t\000y}{chapter.7}% 33
\BOOKMARK [1][-]{section.7.1}{\376\377\000N\000a\000t\000u\000r\000a\000l\000\040\000P\000o\000l\000i\000c\000y\000\040\000G\000r\000a\000d\000i\000e\000n\000t}{chapter.7}% 34
\BOOKMARK [2][-]{subsection.7.1.1}{\376\377\000K\000L\000-\000d\000i\000v\000e\000r\000g\000e\000n\000c\000e\000\040\000b\000e\000t\000w\000e\000e\000n\000\040\000p\000e\000r\000t\000u\000r\000b\000e\000d\000\040\000d\000i\000s\000t\000r\000i\000b\000u\000t\000i\000o\000n\000s}{section.7.1}% 35
\BOOKMARK [1][-]{section.7.2}{\376\377\000P\000r\000o\000x\000i\000m\000a\000l\000\040\000P\000o\000l\000i\000c\000y\000\040\000O\000p\000t\000i\000m\000i\000z\000a\000t\000i\000o\000n}{chapter.7}% 36
\BOOKMARK [0][-]{section*.5}{\376\377\000A\000p\000p\000e\000n\000d\000i\000c\000e\000s}{}% 37
\BOOKMARK [0][-]{appendix*.6}{\376\377\000A\000p\000p\000e\000n\000d\000i\000x}{}% 38
\BOOKMARK [1][-]{section.1..1}{\376\377\000B\000e\000l\000l\000m\000a\000n\000\040\000E\000q\000u\000a\000t\000i\000o\000n}{appendix*.6}% 39
\BOOKMARK [1][-]{section.1..2}{\376\377\000I\000m\000p\000o\000r\000t\000a\000n\000c\000e\000\040\000S\000a\000m\000p\000l\000i\000n\000g}{appendix*.6}% 40
\BOOKMARK [1][-]{section.1..3}{\376\377\000F\000i\000s\000h\000e\000r\000\040\000I\000n\000f\000o\000r\000m\000a\000t\000i\000o\000n}{appendix*.6}% 41
\BOOKMARK [1][-]{section.1..4}{\376\377\000S\000c\000o\000r\000e\000\040\000F\000u\000n\000c\000t\000i\000o\000n}{appendix*.6}% 42
\BOOKMARK [1][-]{section.1..5}{\376\377\000I\000n\000c\000r\000e\000m\000e\000n\000t\000a\000l\000\040\000M\000o\000n\000t\000e\000-\000C\000a\000r\000l\000o}{appendix*.6}% 43
\BOOKMARK [1][-]{section.1..6}{\376\377\000D\000e\000r\000i\000v\000a\000t\000i\000v\000e\000\040\000o\000f\000\040\000S\000o\000f\000t\000m\000a\000x}{appendix*.6}% 44
\BOOKMARK [1][-]{section.1..7}{\376\377\000P\000o\000l\000i\000c\000y\000\040\000G\000r\000a\000d\000i\000e\000n\000t\000\040\000T\000h\000e\000o\000r\000e\000m}{appendix*.6}% 45
\BOOKMARK [2][-]{subsection.1..7.1}{\376\377\000P\000r\000o\000o\000f\000\040\000o\000f\000\040\000P\000o\000l\000i\000c\000y\000\040\000G\000r\000a\000d\000i\000e\000n\000t\000\040\000T\000h\000e\000o\000r\000e\000m}{section.1..7}% 46
